[08:24:25] [main/INFO]: Using standard Java JCE cipher.
[08:24:26] [main/INFO]: Using standard Java compressor.
[08:24:26] [main/INFO]: Enabled Waterfall version git:Waterfall-Bootstrap:1.19-R0.1-SNAPSHOT:f6069e2:513
[08:24:26] [main/INFO]: Discovered module: ModuleSpec(name=cmd_alert, file=modules\cmd_alert.jar, provider=JenkinsModuleSource())
[08:24:26] [main/INFO]: Discovered module: ModuleSpec(name=cmd_find, file=modules\cmd_find.jar, provider=JenkinsModuleSource())
[08:24:26] [main/INFO]: Discovered module: ModuleSpec(name=cmd_list, file=modules\cmd_list.jar, provider=JenkinsModuleSource())
[08:24:26] [main/INFO]: Discovered module: ModuleSpec(name=cmd_send, file=modules\cmd_send.jar, provider=JenkinsModuleSource())
[08:24:26] [main/INFO]: Discovered module: ModuleSpec(name=cmd_server, file=modules\cmd_server.jar, provider=JenkinsModuleSource())
[08:24:26] [main/INFO]: Discovered module: ModuleSpec(name=reconnect_yaml, file=modules\reconnect_yaml.jar, provider=JenkinsModuleSource())
[08:24:27] [main/INFO]: Loaded plugin reconnect_yaml version git:reconnect_yaml:1.19-R0.1-SNAPSHOT:f6069e2:513 by WaterfallMC
[08:24:27] [main/INFO]: Loaded plugin cmd_find version git:cmd_find:1.19-R0.1-SNAPSHOT:f6069e2:513 by WaterfallMC
[08:24:27] [main/INFO]: Loaded plugin cmd_server version git:cmd_server:1.19-R0.1-SNAPSHOT:f6069e2:513 by WaterfallMC
[08:24:27] [main/INFO]: Loaded plugin cmd_alert version git:cmd_alert:1.19-R0.1-SNAPSHOT:f6069e2:513 by WaterfallMC
[08:24:27] [main/INFO]: Loaded plugin cmd_send version git:cmd_send:1.19-R0.1-SNAPSHOT:f6069e2:513 by WaterfallMC
[08:24:27] [main/INFO]: Loaded plugin cmd_list version git:cmd_list:1.19-R0.1-SNAPSHOT:f6069e2:513 by WaterfallMC
[08:24:27] [main/WARN]: :>:>:>:>:>:>:>:>:>:>:>:>:>:>:>:>:>:>:>:>:>:>:>
[08:24:27] [main/WARN]: :>  
[08:24:27] [main/WARN]: :>      EAGLERCRAFTXBUNGEE WARNING:
[08:24:27] [main/WARN]: :>  
[08:24:27] [main/WARN]: :>  This plugin wasn't tested to be 'working'
[08:24:27] [main/WARN]: :>  with ANY version of BungeeCord (and forks)
[08:24:27] [main/WARN]: :>  apart from the versions listed below:
[08:24:27] [main/WARN]: :>  
[08:24:27] [main/WARN]: :>  - BungeeCord: 1.20-R0.3-SNAPSHOT:eda268b:1797
[08:24:27] [main/WARN]: :>  - Waterfall: 1.20-R0.2-SNAPSHOT:92b5149:562
[08:24:27] [main/WARN]: :>  - FlameCord: 1.1.1
[08:24:27] [main/WARN]: :>  
[08:24:27] [main/WARN]: :>  This is not a Bukkit/Spigot plugin!
[08:24:27] [main/WARN]: :>  
[08:24:27] [main/WARN]: :>  Use "-Deaglerxbungee.stfu=true" to hide
[08:24:27] [main/WARN]: :>  
[08:24:27] [main/WARN]: :>:>:>:>:>:>:>:>:>:>:>:>:>:>:>:>:>:>:>:>:>:>:>
[08:24:27] [main/INFO] [EaglercraftXBungee]: Loading vanilla profile: lax1dude
[08:24:33] [main/WARN] [EaglercraftXBungee]: Profile load timed out
[08:24:33] [main/INFO]: Loaded plugin EaglercraftXBungee version 1.0.10 by lax1dude
[08:24:33] [main/WARN]: Forced host server pvp is not defined
[08:24:33] [main/INFO]: Enabled plugin reconnect_yaml version git:reconnect_yaml:1.19-R0.1-SNAPSHOT:f6069e2:513 by WaterfallMC
[08:24:33] [main/INFO]: Enabled plugin cmd_find version git:cmd_find:1.19-R0.1-SNAPSHOT:f6069e2:513 by WaterfallMC
[08:24:33] [main/INFO]: Enabled plugin cmd_server version git:cmd_server:1.19-R0.1-SNAPSHOT:f6069e2:513 by WaterfallMC
[08:24:33] [main/INFO]: Enabled plugin cmd_alert version git:cmd_alert:1.19-R0.1-SNAPSHOT:f6069e2:513 by WaterfallMC
[08:24:33] [main/INFO]: Enabled plugin cmd_send version git:cmd_send:1.19-R0.1-SNAPSHOT:f6069e2:513 by WaterfallMC
[08:24:33] [main/INFO]: Enabled plugin cmd_list version git:cmd_list:1.19-R0.1-SNAPSHOT:f6069e2:513 by WaterfallMC
[08:24:33] [main/ERROR] [EaglercraftXBungee]: Online mode is set to false! Authentication system has been disabled
[08:24:33] [Netty Worker IO Thread #0/INFO] [EaglercraftXBungee]: Eaglercraft is listening on: /0.0.0.0:8081
[08:24:33] [main/INFO] [EaglercraftXBungee]: Connected to database: jdbc:sqlite:eaglercraft_skins_cache.db
[08:24:33] [Skin Download Thread #1/INFO] [EaglercraftXBungee]: Loaded vanilla profile: lax1dude
[08:24:33] [main/INFO]: Enabled plugin EaglercraftXBungee version 1.0.10 by lax1dude
[08:24:33] [Netty Boss IO Thread #0/INFO]: Listening on /127.0.0.1:25577
[08:24:36] [EaglerXBungee: Network Tick Tasks/INFO] [EaglercraftXBungee]: Loaded certificate: D:\BitsAndBobs\EAGLERCRAFT\Eagler-1.8-Docker-Original-Old-World\bungee\plugins\EaglercraftXBungee\eagcert\$dl.11da5ec1e9d8efe3fa0e9998b0c264f5c8cb155f.cert
[08:46:38] [Netty Worker IO Thread #3/WARN] [EaglercraftXBungee]: Server icon is not a file: D:\BitsAndBobs\EAGLERCRAFT\Eagler-1.8-Docker-Original-Old-World\bungee\server-icon.png
[08:49:30] [Netty Worker IO Thread #7/INFO] [EaglercraftXBungee]: [/0:0:0:0:0:0:0:1:50573]: Connected via websocket
[08:49:30] [Netty Worker IO Thread #7/INFO] [EaglercraftXBungee]: [/0:0:0:0:0:0:0:1:50573]: Origin header is https://casual-mouse-main.ngrok-free.app
[08:49:30] [Netty Worker IO Thread #7/INFO] [EaglercraftXBungee]: [/0:0:0:0:0:0:0:1:50573]: Logged in as 'IceSiked'
[08:49:30] [Netty Worker IO Thread #7/INFO]: [/0:0:0:0:0:0:0:1:50573|IceSiked] -> UpstreamBridge has connected
[08:49:30] [Netty Worker IO Thread #7/INFO]: [IceSiked|/0:0:0:0:0:0:0:1:50573] <-> ServerConnector [lobby] has connected
[08:55:11] [Netty Worker IO Thread #7/INFO]: [/0:0:0:0:0:0:0:1:50573|IceSiked] -> UpstreamBridge has disconnected
[08:55:11] [Netty Worker IO Thread #7/INFO]: [IceSiked] disconnected with: Proxy lost connection to server.
[08:55:11] [Netty Worker IO Thread #7/INFO]: [/0:0:0:0:0:0:0:1:50573|IceSiked] <-> DownstreamBridge <-> [lobby] has disconnected
[08:59:39] [Netty Worker IO Thread #7/INFO] [EaglercraftXBungee]: [/0:0:0:0:0:0:0:1:50590]: Connected via websocket
[08:59:39] [Netty Worker IO Thread #7/INFO] [EaglercraftXBungee]: [/0:0:0:0:0:0:0:1:50590]: Origin header is https://casual-mouse-main.ngrok-free.app
[09:00:02] [Netty Worker IO Thread #4/INFO] [EaglercraftXBungee]: [/0:0:0:0:0:0:0:1:50595]: Connected via websocket
[09:00:02] [Netty Worker IO Thread #4/INFO] [EaglercraftXBungee]: [/0:0:0:0:0:0:0:1:50595]: Origin header is https://casual-mouse-main.ngrok-free.app
[09:00:12] [Netty Worker IO Thread #2/INFO] [EaglercraftXBungee]: [/0:0:0:0:0:0:0:1:50601]: Connected via websocket
[09:00:12] [Netty Worker IO Thread #2/INFO] [EaglercraftXBungee]: [/0:0:0:0:0:0:0:1:50601]: Origin header is https://casual-mouse-main.ngrok-free.app
[09:00:12] [Netty Worker IO Thread #2/INFO] [EaglercraftXBungee]: [/0:0:0:0:0:0:0:1:50601]: Logged in as 'IceSiked'
[09:00:12] [Netty Worker IO Thread #2/INFO]: [/0:0:0:0:0:0:0:1:50601|IceSiked] -> UpstreamBridge has connected
[09:00:12] [Netty Worker IO Thread #2/INFO]: [IceSiked|/0:0:0:0:0:0:0:1:50601] <-> ServerConnector [lobby] has connected
[09:04:17] [Netty Worker IO Thread #2/INFO]: [/0:0:0:0:0:0:0:1:50601|IceSiked] -> UpstreamBridge has disconnected
[09:04:17] [Netty Worker IO Thread #2/INFO]: [IceSiked] disconnected with: Proxy lost connection to server.
[09:04:17] [Netty Worker IO Thread #2/INFO]: [/0:0:0:0:0:0:0:1:50601|IceSiked] <-> DownstreamBridge <-> [lobby] has disconnected
[09:04:55] [Netty Worker IO Thread #3/INFO] [EaglercraftXBungee]: [/0:0:0:0:0:0:0:1:50622]: Connected via websocket
[09:04:55] [Netty Worker IO Thread #3/INFO] [EaglercraftXBungee]: [/0:0:0:0:0:0:0:1:50622]: Origin header is https://casual-mouse-main.ngrok-free.app
[09:04:55] [Netty Worker IO Thread #3/INFO] [EaglercraftXBungee]: [/0:0:0:0:0:0:0:1:50622]: Logged in as 'IceSiked'
[09:04:55] [Netty Worker IO Thread #3/INFO]: [/0:0:0:0:0:0:0:1:50622|IceSiked] -> UpstreamBridge has connected
[09:04:56] [Netty Worker IO Thread #3/INFO]: [IceSiked|/0:0:0:0:0:0:0:1:50622] <-> ServerConnector [lobby] has connected
[09:05:07] [Netty Worker IO Thread #3/INFO]: [/0:0:0:0:0:0:0:1:50622|IceSiked] -> UpstreamBridge has disconnected
[09:05:07] [Netty Worker IO Thread #3/INFO]: [IceSiked] disconnected with: Proxy lost connection to server.
[09:05:07] [Netty Worker IO Thread #3/INFO]: [/0:0:0:0:0:0:0:1:50622|IceSiked] <-> DownstreamBridge <-> [lobby] has disconnected
[09:11:23] [Netty Worker IO Thread #7/INFO] [EaglercraftXBungee]: [/0:0:0:0:0:0:0:1:50637]: Connected via websocket
[09:11:23] [Netty Worker IO Thread #7/INFO] [EaglercraftXBungee]: [/0:0:0:0:0:0:0:1:50637]: Origin header is https://casual-mouse-main.ngrok-free.app
[09:11:24] [Netty Worker IO Thread #7/INFO] [EaglercraftXBungee]: [/0:0:0:0:0:0:0:1:50637]: Logged in as 'Dark_stalker33'
[09:11:24] [Netty Worker IO Thread #7/INFO]: [/0:0:0:0:0:0:0:1:50637|Dark_stalker33] -> UpstreamBridge has connected
[09:11:24] [Netty Worker IO Thread #7/INFO]: [Dark_stalker33|/0:0:0:0:0:0:0:1:50637] <-> ServerConnector [lobby] has connected
[09:25:04] [Netty Worker IO Thread #5/INFO] [EaglercraftXBungee]: [/0:0:0:0:0:0:0:1:50658]: Connected via websocket
[09:25:04] [Netty Worker IO Thread #5/INFO] [EaglercraftXBungee]: [/0:0:0:0:0:0:0:1:50658]: Origin header is https://casual-mouse-main.ngrok-free.app
[09:25:05] [Netty Worker IO Thread #5/INFO] [EaglercraftXBungee]: [/0:0:0:0:0:0:0:1:50658]: Logged in as 'IceSiked'
[09:25:05] [Netty Worker IO Thread #5/INFO]: [/0:0:0:0:0:0:0:1:50658|IceSiked] -> UpstreamBridge has connected
[09:25:05] [Netty Worker IO Thread #5/INFO]: [IceSiked|/0:0:0:0:0:0:0:1:50658] <-> ServerConnector [lobby] has connected
[09:26:05] [Netty Worker IO Thread #1/INFO] [EaglercraftXBungee]: [/0:0:0:0:0:0:0:1:50663]: Connected via websocket
[09:26:05] [Netty Worker IO Thread #1/INFO] [EaglercraftXBungee]: [/0:0:0:0:0:0:0:1:50663]: Origin header is https://casual-mouse-main.ngrok-free.app
[09:26:05] [Netty Worker IO Thread #1/INFO] [EaglercraftXBungee]: [/0:0:0:0:0:0:0:1:50663]: Logged in as 'DKing201'
[09:26:05] [Netty Worker IO Thread #1/INFO]: [/0:0:0:0:0:0:0:1:50663|DKing201] -> UpstreamBridge has connected
[09:26:05] [Netty Worker IO Thread #1/INFO]: [DKing201|/0:0:0:0:0:0:0:1:50663] <-> ServerConnector [lobby] has connected
[09:27:19] [Netty Worker IO Thread #5/INFO]: [/0:0:0:0:0:0:0:1:50658|IceSiked] -> UpstreamBridge has disconnected
[09:27:19] [Netty Worker IO Thread #5/INFO]: [IceSiked] disconnected with: Proxy lost connection to server.
[09:27:19] [Netty Worker IO Thread #5/INFO]: [/0:0:0:0:0:0:0:1:50658|IceSiked] <-> DownstreamBridge <-> [lobby] has disconnected
[09:27:52] [Netty Worker IO Thread #1/INFO]: [/0:0:0:0:0:0:0:1:50663|DKing201] -> UpstreamBridge has disconnected
[09:27:52] [Netty Worker IO Thread #1/INFO]: [DKing201] disconnected with: Proxy lost connection to server.
[09:27:52] [Netty Worker IO Thread #1/INFO]: [/0:0:0:0:0:0:0:1:50663|DKing201] <-> DownstreamBridge <-> [lobby] has disconnected
[09:27:55] [Netty Worker IO Thread #5/INFO] [EaglercraftXBungee]: [/0:0:0:0:0:0:0:1:50671]: Connected via websocket
[09:27:55] [Netty Worker IO Thread #5/INFO] [EaglercraftXBungee]: [/0:0:0:0:0:0:0:1:50671]: Origin header is https://casual-mouse-main.ngrok-free.app
[09:27:56] [Netty Worker IO Thread #5/INFO] [EaglercraftXBungee]: [/0:0:0:0:0:0:0:1:50671]: Logged in as 'IceSiked'
[09:27:56] [Netty Worker IO Thread #5/INFO]: [/0:0:0:0:0:0:0:1:50671|IceSiked] -> UpstreamBridge has connected
[09:27:56] [Netty Worker IO Thread #5/INFO]: [IceSiked|/0:0:0:0:0:0:0:1:50671] <-> ServerConnector [lobby] has connected
[09:28:14] [Netty Worker IO Thread #7/INFO]: [/0:0:0:0:0:0:0:1:50637|Dark_stalker33] -> UpstreamBridge has disconnected
[09:28:14] [Netty Worker IO Thread #7/INFO]: [Dark_stalker33] disconnected with: Proxy lost connection to server.
[09:28:14] [Netty Worker IO Thread #7/INFO]: [/0:0:0:0:0:0:0:1:50637|Dark_stalker33] <-> DownstreamBridge <-> [lobby] has disconnected
[09:28:18] [Netty Worker IO Thread #7/INFO] [EaglercraftXBungee]: [/0:0:0:0:0:0:0:1:50674]: Connected via websocket
[09:28:18] [Netty Worker IO Thread #7/INFO] [EaglercraftXBungee]: [/0:0:0:0:0:0:0:1:50674]: Origin header is https://casual-mouse-main.ngrok-free.app
[09:28:18] [Netty Worker IO Thread #7/INFO] [EaglercraftXBungee]: [/0:0:0:0:0:0:0:1:50674]: Logged in as 'MrMate'
[09:28:18] [Netty Worker IO Thread #7/INFO]: [/0:0:0:0:0:0:0:1:50674|MrMate] -> UpstreamBridge has connected
[09:28:18] [Netty Worker IO Thread #7/INFO]: [MrMate|/0:0:0:0:0:0:0:1:50674] <-> ServerConnector [lobby] has connected
[09:28:26] [Netty Worker IO Thread #7/INFO]: [/0:0:0:0:0:0:0:1:50674|MrMate] -> UpstreamBridge has disconnected
[09:28:26] [Netty Worker IO Thread #7/INFO]: [MrMate] disconnected with: Proxy lost connection to server.
[09:28:26] [Netty Worker IO Thread #7/INFO]: [/0:0:0:0:0:0:0:1:50674|MrMate] <-> DownstreamBridge <-> [lobby] has disconnected
[09:46:20] [Netty Worker IO Thread #0/INFO] [EaglercraftXBungee]: [/0:0:0:0:0:0:0:1:50704]: Connected via websocket
[09:46:20] [Netty Worker IO Thread #0/INFO] [EaglercraftXBungee]: [/0:0:0:0:0:0:0:1:50704]: Origin header is https://casual-mouse-main.ngrok-free.app
[09:46:21] [Netty Worker IO Thread #0/INFO] [EaglercraftXBungee]: [/0:0:0:0:0:0:0:1:50704]: Logged in as 'FentDealer'
[09:46:21] [Netty Worker IO Thread #0/INFO]: [/0:0:0:0:0:0:0:1:50704|FentDealer] -> UpstreamBridge has connected
[09:46:21] [Netty Worker IO Thread #0/INFO]: [FentDealer|/0:0:0:0:0:0:0:1:50704] <-> ServerConnector [lobby] has connected
[09:50:54] [Netty Worker IO Thread #2/INFO] [EaglercraftXBungee]: [/0:0:0:0:0:0:0:1:50709]: Connected via websocket
[09:50:54] [Netty Worker IO Thread #2/INFO] [EaglercraftXBungee]: [/0:0:0:0:0:0:0:1:50709]: Origin header is https://casual-mouse-main.ngrok-free.app
[09:50:55] [Netty Worker IO Thread #2/INFO] [EaglercraftXBungee]: [/0:0:0:0:0:0:0:1:50709]: Logged in as 'AHHHHHHHHHHHHHHH'
[09:50:55] [Netty Worker IO Thread #2/INFO]: [/0:0:0:0:0:0:0:1:50709|AHHHHHHHHHHHHHHH] -> UpstreamBridge has connected
[09:50:55] [Netty Worker IO Thread #2/INFO]: [AHHHHHHHHHHHHHHH|/0:0:0:0:0:0:0:1:50709] <-> ServerConnector [lobby] has connected
[09:51:17] [Netty Worker IO Thread #5/INFO]: [/0:0:0:0:0:0:0:1:50671|IceSiked] -> UpstreamBridge has disconnected
[09:51:17] [Netty Worker IO Thread #5/INFO]: [IceSiked] disconnected with: Proxy lost connection to server.
[09:51:17] [Netty Worker IO Thread #5/INFO]: [/0:0:0:0:0:0:0:1:50671|IceSiked] <-> DownstreamBridge <-> [lobby] has disconnected
[09:52:12] [Netty Worker IO Thread #5/INFO] [EaglercraftXBungee]: [/0:0:0:0:0:0:0:1:50713]: Connected via websocket
[09:52:12] [Netty Worker IO Thread #5/INFO] [EaglercraftXBungee]: [/0:0:0:0:0:0:0:1:50713]: Origin header is https://casual-mouse-main.ngrok-free.app
[09:52:12] [Netty Worker IO Thread #5/INFO] [EaglercraftXBungee]: [/0:0:0:0:0:0:0:1:50713]: Logged in as 'IceSiked'
[09:52:12] [Netty Worker IO Thread #5/INFO]: [/0:0:0:0:0:0:0:1:50713|IceSiked] -> UpstreamBridge has connected
[09:52:12] [Netty Worker IO Thread #5/INFO]: [IceSiked|/0:0:0:0:0:0:0:1:50713] <-> ServerConnector [lobby] has connected
[09:57:39] [Netty Worker IO Thread #5/INFO]: [/0:0:0:0:0:0:0:1:50713|IceSiked] -> UpstreamBridge has disconnected
[09:57:39] [Netty Worker IO Thread #5/INFO]: [IceSiked] disconnected with: Proxy lost connection to server.
[09:57:39] [Netty Worker IO Thread #5/INFO]: [/0:0:0:0:0:0:0:1:50713|IceSiked] <-> DownstreamBridge <-> [lobby] has disconnected
[09:57:56] [Netty Worker IO Thread #3/INFO] [EaglercraftXBungee]: [/0:0:0:0:0:0:0:1:50733]: Connected via websocket
[09:57:56] [Netty Worker IO Thread #3/INFO] [EaglercraftXBungee]: [/0:0:0:0:0:0:0:1:50733]: Origin header is https://casual-mouse-main.ngrok-free.app
[09:57:56] [Netty Worker IO Thread #3/INFO] [EaglercraftXBungee]: [/0:0:0:0:0:0:0:1:50733]: Logged in as 'IceSiked'
[09:57:56] [Netty Worker IO Thread #3/INFO]: [/0:0:0:0:0:0:0:1:50733|IceSiked] -> UpstreamBridge has connected
[09:57:56] [Netty Worker IO Thread #3/INFO]: [IceSiked|/0:0:0:0:0:0:0:1:50733] <-> ServerConnector [lobby] has connected
[10:05:01] [Netty Worker IO Thread #5/INFO] [EaglercraftXBungee]: [/0:0:0:0:0:0:0:1:50739]: Connected via websocket
[10:05:01] [Netty Worker IO Thread #5/INFO] [EaglercraftXBungee]: [/0:0:0:0:0:0:0:1:50739]: Origin header is https://casual-mouse-main.ngrok-free.app
[10:05:01] [Netty Worker IO Thread #5/INFO] [EaglercraftXBungee]: [/0:0:0:0:0:0:0:1:50739]: Logged in as 'rizzler'
[10:05:01] [Netty Worker IO Thread #5/INFO]: [/0:0:0:0:0:0:0:1:50739|rizzler] -> UpstreamBridge has connected
[10:05:01] [Netty Worker IO Thread #5/INFO]: [rizzler|/0:0:0:0:0:0:0:1:50739] <-> ServerConnector [lobby] has connected
[10:07:34] [Netty Worker IO Thread #5/INFO]: [/0:0:0:0:0:0:0:1:50739|rizzler] -> UpstreamBridge has disconnected
[10:07:34] [Netty Worker IO Thread #5/INFO]: [rizzler] disconnected with: Proxy lost connection to server.
[10:07:34] [Netty Worker IO Thread #5/INFO]: [/0:0:0:0:0:0:0:1:50739|rizzler] <-> DownstreamBridge <-> [lobby] has disconnected
[10:07:55] [Netty Worker IO Thread #3/INFO]: [/0:0:0:0:0:0:0:1:50733|IceSiked] -> UpstreamBridge has disconnected
[10:07:55] [Netty Worker IO Thread #3/INFO]: [IceSiked] disconnected with: Proxy lost connection to server.
[10:07:55] [Netty Worker IO Thread #3/INFO]: [/0:0:0:0:0:0:0:1:50733|IceSiked] <-> DownstreamBridge <-> [lobby] has disconnected
[10:09:21] [Netty Worker IO Thread #0/INFO] [EaglercraftXBungee]: [/0:0:0:0:0:0:0:1:50744]: Connected via websocket
[10:09:21] [Netty Worker IO Thread #0/INFO] [EaglercraftXBungee]: [/0:0:0:0:0:0:0:1:50744]: Origin header is https://casual-mouse-main.ngrok-free.app
[10:09:22] [Netty Worker IO Thread #0/INFO] [EaglercraftXBungee]: [/0:0:0:0:0:0:0:1:50744]: Logged in as 'IceSiked'
[10:09:22] [Netty Worker IO Thread #0/INFO]: [/0:0:0:0:0:0:0:1:50744|IceSiked] -> UpstreamBridge has connected
[10:09:22] [Netty Worker IO Thread #0/INFO]: [IceSiked|/0:0:0:0:0:0:0:1:50744] <-> ServerConnector [lobby] has connected
[10:35:52] [Netty Worker IO Thread #5/INFO] [EaglercraftXBungee]: [/0:0:0:0:0:0:0:1:50781]: Connected via websocket
[10:35:52] [Netty Worker IO Thread #5/INFO] [EaglercraftXBungee]: [/0:0:0:0:0:0:0:1:50781]: Origin header is https://casual-mouse-main.ngrok-free.app
[10:35:52] [Netty Worker IO Thread #5/INFO] [EaglercraftXBungee]: [/0:0:0:0:0:0:0:1:50781]: Logged in as 'DKing201'
[10:35:52] [Netty Worker IO Thread #5/INFO]: [/0:0:0:0:0:0:0:1:50781|DKing201] -> UpstreamBridge has connected
[10:35:52] [Netty Worker IO Thread #5/INFO]: [DKing201|/0:0:0:0:0:0:0:1:50781] <-> ServerConnector [lobby] has connected
[10:39:24] [Netty Worker IO Thread #0/INFO]: [/0:0:0:0:0:0:0:1:50704|FentDealer] -> UpstreamBridge has disconnected
[10:39:24] [Netty Worker IO Thread #0/INFO]: [FentDealer] disconnected with: Proxy lost connection to server.
[10:39:24] [Netty Worker IO Thread #0/INFO]: [/0:0:0:0:0:0:0:1:50704|FentDealer] <-> DownstreamBridge <-> [lobby] has disconnected
[10:40:07] [Netty Worker IO Thread #2/INFO]: [/0:0:0:0:0:0:0:1:50709|AHHHHHHHHHHHHHHH] -> UpstreamBridge has disconnected
[10:40:07] [Netty Worker IO Thread #2/INFO]: [AHHHHHHHHHHHHHHH] disconnected with: Proxy lost connection to server.
[10:40:07] [Netty Worker IO Thread #2/INFO]: [/0:0:0:0:0:0:0:1:50709|AHHHHHHHHHHHHHHH] <-> DownstreamBridge <-> [lobby] has disconnected
[10:40:18] [Netty Worker IO Thread #0/INFO]: [/0:0:0:0:0:0:0:1:50744|IceSiked] -> UpstreamBridge has disconnected
[10:40:18] [Netty Worker IO Thread #0/INFO]: [IceSiked] disconnected with: Proxy lost connection to server.
[10:40:18] [Netty Worker IO Thread #0/INFO]: [/0:0:0:0:0:0:0:1:50744|IceSiked] <-> DownstreamBridge <-> [lobby] has disconnected
[10:46:23] [Netty Worker IO Thread #6/INFO] [EaglercraftXBungee]: [/0:0:0:0:0:0:0:1:50804]: Connected via websocket
[10:46:23] [Netty Worker IO Thread #6/INFO] [EaglercraftXBungee]: [/0:0:0:0:0:0:0:1:50804]: Origin header is https://casual-mouse-main.ngrok-free.app
[10:46:23] [Netty Worker IO Thread #6/INFO] [EaglercraftXBungee]: [/0:0:0:0:0:0:0:1:50804]: Logged in as 'Dark_stalker33'
[10:46:23] [Netty Worker IO Thread #6/INFO]: [/0:0:0:0:0:0:0:1:50804|Dark_stalker33] -> UpstreamBridge has connected
[10:46:23] [Netty Worker IO Thread #6/INFO]: [Dark_stalker33|/0:0:0:0:0:0:0:1:50804] <-> ServerConnector [lobby] has connected
[10:53:13] [Netty Worker IO Thread #0/INFO] [EaglercraftXBungee]: [/0:0:0:0:0:0:0:1:50811]: Connected via websocket
[10:53:13] [Netty Worker IO Thread #0/INFO] [EaglercraftXBungee]: [/0:0:0:0:0:0:0:1:50811]: Origin header is https://casual-mouse-main.ngrok-free.app
[10:53:13] [Netty Worker IO Thread #0/INFO] [EaglercraftXBungee]: [/0:0:0:0:0:0:0:1:50811]: Logged in as 'IceSiked'
[10:53:13] [Netty Worker IO Thread #0/INFO]: [/0:0:0:0:0:0:0:1:50811|IceSiked] -> UpstreamBridge has connected
[10:53:13] [Netty Worker IO Thread #0/INFO]: [IceSiked|/0:0:0:0:0:0:0:1:50811] <-> ServerConnector [lobby] has connected
[10:55:35] [Netty Worker IO Thread #6/INFO]: [/0:0:0:0:0:0:0:1:50804|Dark_stalker33] -> UpstreamBridge has disconnected
[10:55:35] [Netty Worker IO Thread #6/INFO]: [Dark_stalker33] disconnected with: Proxy lost connection to server.
[10:55:35] [Netty Worker IO Thread #6/INFO]: [/0:0:0:0:0:0:0:1:50804|Dark_stalker33] <-> DownstreamBridge <-> [lobby] has disconnected
[10:55:37] [Netty Worker IO Thread #5/INFO]: [/0:0:0:0:0:0:0:1:50781|DKing201] -> UpstreamBridge has disconnected
[10:55:37] [Netty Worker IO Thread #5/INFO]: [DKing201] disconnected with: Proxy lost connection to server.
[10:55:37] [Netty Worker IO Thread #5/INFO]: [/0:0:0:0:0:0:0:1:50781|DKing201] <-> DownstreamBridge <-> [lobby] has disconnected
[10:55:40] [Netty Worker IO Thread #0/INFO]: [/0:0:0:0:0:0:0:1:50811|IceSiked] -> UpstreamBridge has disconnected
[10:55:40] [Netty Worker IO Thread #0/INFO]: [IceSiked] disconnected with: Proxy lost connection to server.
[10:55:40] [Netty Worker IO Thread #0/INFO]: [/0:0:0:0:0:0:0:1:50811|IceSiked] <-> DownstreamBridge <-> [lobby] has disconnected
[10:57:41] [Netty Worker IO Thread #2/INFO] [EaglercraftXBungee]: [/0:0:0:0:0:0:0:1:50820]: Connected via websocket
[10:57:41] [Netty Worker IO Thread #2/INFO] [EaglercraftXBungee]: [/0:0:0:0:0:0:0:1:50820]: Origin header is https://casual-mouse-main.ngrok-free.app
[10:57:41] [Netty Worker IO Thread #2/INFO] [EaglercraftXBungee]: [/0:0:0:0:0:0:0:1:50820]: Logged in as 'IceSiked'
[10:57:41] [Netty Worker IO Thread #2/INFO]: [/0:0:0:0:0:0:0:1:50820|IceSiked] -> UpstreamBridge has connected
[10:57:41] [Netty Worker IO Thread #2/INFO]: [IceSiked|/0:0:0:0:0:0:0:1:50820] <-> ServerConnector [lobby] has connected
[11:01:08] [Netty Worker IO Thread #2/INFO]: [/0:0:0:0:0:0:0:1:50820|IceSiked] -> UpstreamBridge has disconnected
[11:01:08] [Netty Worker IO Thread #2/INFO]: [IceSiked] disconnected with: Proxy lost connection to server.
[11:01:08] [Netty Worker IO Thread #2/INFO]: [/0:0:0:0:0:0:0:1:50820|IceSiked] <-> DownstreamBridge <-> [lobby] has disconnected
[11:02:02] [Netty Worker IO Thread #1/INFO] [EaglercraftXBungee]: [/0:0:0:0:0:0:0:1:50830]: Connected via websocket
[11:02:02] [Netty Worker IO Thread #1/INFO] [EaglercraftXBungee]: [/0:0:0:0:0:0:0:1:50830]: Origin header is https://casual-mouse-main.ngrok-free.app
[11:02:02] [Netty Worker IO Thread #1/INFO] [EaglercraftXBungee]: [/0:0:0:0:0:0:0:1:50830]: Logged in as 'IceSiked'
[11:02:02] [Netty Worker IO Thread #1/INFO]: [/0:0:0:0:0:0:0:1:50830|IceSiked] -> UpstreamBridge has connected
[11:02:02] [Netty Worker IO Thread #1/INFO]: [IceSiked|/0:0:0:0:0:0:0:1:50830] <-> ServerConnector [lobby] has connected
[11:02:05] [Netty Worker IO Thread #3/INFO] [EaglercraftXBungee]: [/0:0:0:0:0:0:0:1:50833]: Connected via websocket
[11:02:05] [Netty Worker IO Thread #3/INFO] [EaglercraftXBungee]: [/0:0:0:0:0:0:0:1:50833]: Origin header is https://casual-mouse-main.ngrok-free.app
[11:02:05] [Netty Worker IO Thread #3/INFO] [EaglercraftXBungee]: [/0:0:0:0:0:0:0:1:50833]: Logged in as 'FentDealer'
[11:02:05] [Netty Worker IO Thread #3/INFO]: [/0:0:0:0:0:0:0:1:50833|FentDealer] -> UpstreamBridge has connected
[11:02:05] [Netty Worker IO Thread #3/INFO]: [FentDealer|/0:0:0:0:0:0:0:1:50833] <-> ServerConnector [lobby] has connected
[11:12:18] [Netty Worker IO Thread #3/INFO]: [/0:0:0:0:0:0:0:1:50833|FentDealer] -> UpstreamBridge has disconnected
[11:12:18] [Netty Worker IO Thread #3/INFO]: [FentDealer] disconnected with: Proxy lost connection to server.
[11:12:18] [Netty Worker IO Thread #3/INFO]: [/0:0:0:0:0:0:0:1:50833|FentDealer] <-> DownstreamBridge <-> [lobby] has disconnected
[11:12:21] [Netty Worker IO Thread #1/INFO]: [/0:0:0:0:0:0:0:1:50830|IceSiked] -> UpstreamBridge has disconnected
[11:12:21] [Netty Worker IO Thread #1/INFO]: [IceSiked] disconnected with: Proxy lost connection to server.
[11:12:21] [Netty Worker IO Thread #1/INFO]: [/0:0:0:0:0:0:0:1:50830|IceSiked] <-> DownstreamBridge <-> [lobby] has disconnected
[11:12:37] [Netty Worker IO Thread #6/INFO] [EaglercraftXBungee]: [/0:0:0:0:0:0:0:1:50844]: Connected via websocket
[11:12:37] [Netty Worker IO Thread #6/INFO] [EaglercraftXBungee]: [/0:0:0:0:0:0:0:1:50844]: Origin header is https://casual-mouse-main.ngrok-free.app
[11:12:37] [Netty Worker IO Thread #6/INFO] [EaglercraftXBungee]: [/0:0:0:0:0:0:0:1:50844]: Logged in as 'FentDealer'
[11:12:37] [Netty Worker IO Thread #6/INFO]: [/0:0:0:0:0:0:0:1:50844|FentDealer] -> UpstreamBridge has connected
[11:12:37] [Netty Worker IO Thread #6/INFO]: [FentDealer|/0:0:0:0:0:0:0:1:50844] <-> ServerConnector [lobby] has connected
[11:12:39] [Netty Worker IO Thread #0/INFO] [EaglercraftXBungee]: [/0:0:0:0:0:0:0:1:50847]: Connected via websocket
[11:12:39] [Netty Worker IO Thread #0/INFO] [EaglercraftXBungee]: [/0:0:0:0:0:0:0:1:50847]: Origin header is https://casual-mouse-main.ngrok-free.app
[11:12:40] [Netty Worker IO Thread #0/INFO] [EaglercraftXBungee]: [/0:0:0:0:0:0:0:1:50847]: Logged in as 'IceSiked'
[11:12:40] [Netty Worker IO Thread #0/INFO]: [/0:0:0:0:0:0:0:1:50847|IceSiked] -> UpstreamBridge has connected
[11:12:40] [Netty Worker IO Thread #0/INFO]: [IceSiked|/0:0:0:0:0:0:0:1:50847] <-> ServerConnector [lobby] has connected
[12:21:34] [Netty Worker IO Thread #0/INFO] [EaglercraftXBungee]: [/0:0:0:0:0:0:0:1:50909]: Connected via websocket
[12:21:34] [Netty Worker IO Thread #0/INFO] [EaglercraftXBungee]: [/0:0:0:0:0:0:0:1:50909]: Origin header is https://casual-mouse-main.ngrok-free.app
[12:21:34] [Netty Worker IO Thread #0/INFO] [EaglercraftXBungee]: [/0:0:0:0:0:0:0:1:50909]: Logged in as 'TheUnamedDream'
[12:21:34] [Netty Worker IO Thread #0/INFO]: [/0:0:0:0:0:0:0:1:50909|TheUnamedDream] -> UpstreamBridge has connected
[12:21:34] [Netty Worker IO Thread #0/INFO]: [TheUnamedDream|/0:0:0:0:0:0:0:1:50909] <-> ServerConnector [lobby] has connected
[12:43:41] [Netty Worker IO Thread #6/INFO]: [/0:0:0:0:0:0:0:1:50844|FentDealer] -> UpstreamBridge has disconnected
[12:43:41] [Netty Worker IO Thread #6/INFO]: [FentDealer] disconnected with: Proxy lost connection to server.
[12:43:41] [Netty Worker IO Thread #6/INFO]: [/0:0:0:0:0:0:0:1:50844|FentDealer] <-> DownstreamBridge <-> [lobby] has disconnected
[12:45:15] [Netty Worker IO Thread #0/INFO]: [/0:0:0:0:0:0:0:1:50847|IceSiked] -> UpstreamBridge has disconnected
[12:45:15] [Netty Worker IO Thread #0/INFO]: [IceSiked] disconnected with: Proxy lost connection to server.
[12:45:15] [Netty Worker IO Thread #0/INFO]: [/0:0:0:0:0:0:0:1:50847|IceSiked] <-> DownstreamBridge <-> [lobby] has disconnected
[12:46:10] [Netty Worker IO Thread #0/INFO]: [/0:0:0:0:0:0:0:1:50909|TheUnamedDream] -> UpstreamBridge has disconnected
[12:46:10] [Netty Worker IO Thread #0/INFO]: [TheUnamedDream] disconnected with: Proxy lost connection to server.
[12:46:10] [Netty Worker IO Thread #0/INFO]: [/0:0:0:0:0:0:0:1:50909|TheUnamedDream] <-> DownstreamBridge <-> [lobby] has disconnected
[12:51:36] [Netty Worker IO Thread #4/INFO] [EaglercraftXBungee]: [/0:0:0:0:0:0:0:1:50937]: Connected via websocket
[12:51:36] [Netty Worker IO Thread #4/INFO] [EaglercraftXBungee]: [/0:0:0:0:0:0:0:1:50937]: Origin header is https://casual-mouse-main.ngrok-free.app
[12:51:37] [Netty Worker IO Thread #4/INFO] [EaglercraftXBungee]: [/0:0:0:0:0:0:0:1:50937]: Logged in as 'AHHHHHHHHHHHHHHH'
[12:51:37] [Netty Worker IO Thread #4/INFO]: [/0:0:0:0:0:0:0:1:50937|AHHHHHHHHHHHHHHH] -> UpstreamBridge has connected
[12:51:37] [Netty Worker IO Thread #4/INFO]: [AHHHHHHHHHHHHHHH|/0:0:0:0:0:0:0:1:50937] <-> ServerConnector [lobby] has connected
[12:51:46] [Netty Worker IO Thread #6/INFO] [EaglercraftXBungee]: [/0:0:0:0:0:0:0:1:50940]: Connected via websocket
[12:51:46] [Netty Worker IO Thread #6/INFO] [EaglercraftXBungee]: [/0:0:0:0:0:0:0:1:50940]: Origin header is https://casual-mouse-main.ngrok-free.app
[12:51:47] [Netty Worker IO Thread #6/INFO] [EaglercraftXBungee]: [/0:0:0:0:0:0:0:1:50940]: Logged in as 'IceSiked'
[12:51:47] [Netty Worker IO Thread #6/INFO]: [/0:0:0:0:0:0:0:1:50940|IceSiked] -> UpstreamBridge has connected
[12:51:47] [Netty Worker IO Thread #6/INFO]: [IceSiked|/0:0:0:0:0:0:0:1:50940] <-> ServerConnector [lobby] has connected
[13:21:02] [Netty Worker IO Thread #4/INFO]: [/0:0:0:0:0:0:0:1:50937|AHHHHHHHHHHHHHHH] -> UpstreamBridge has disconnected
[13:21:02] [Netty Worker IO Thread #4/INFO]: [AHHHHHHHHHHHHHHH] disconnected with: Proxy lost connection to server.
[13:21:02] [Netty Worker IO Thread #4/INFO]: [/0:0:0:0:0:0:0:1:50937|AHHHHHHHHHHHHHHH] <-> DownstreamBridge <-> [lobby] has disconnected
[13:21:38] [Netty Worker IO Thread #6/INFO]: [/0:0:0:0:0:0:0:1:50940|IceSiked] -> UpstreamBridge has disconnected
[13:21:38] [Netty Worker IO Thread #6/INFO]: [IceSiked] disconnected with: Proxy lost connection to server.
[13:21:38] [Netty Worker IO Thread #6/INFO]: [/0:0:0:0:0:0:0:1:50940|IceSiked] <-> DownstreamBridge <-> [lobby] has disconnected
[13:25:34] [Netty Worker IO Thread #0/INFO] [EaglercraftXBungee]: [/0:0:0:0:0:0:0:1:50982]: Connected via websocket
[13:25:34] [Netty Worker IO Thread #0/INFO] [EaglercraftXBungee]: [/0:0:0:0:0:0:0:1:50982]: Origin header is https://casual-mouse-main.ngrok-free.app
[13:25:34] [Netty Worker IO Thread #0/INFO] [EaglercraftXBungee]: [/0:0:0:0:0:0:0:1:50982]: Logged in as 'FentDealer'
[13:25:34] [Netty Worker IO Thread #0/INFO]: [/0:0:0:0:0:0:0:1:50982|FentDealer] -> UpstreamBridge has connected
[13:25:34] [Netty Worker IO Thread #0/INFO]: [FentDealer|/0:0:0:0:0:0:0:1:50982] <-> ServerConnector [lobby] has connected
[13:25:53] [Netty Worker IO Thread #0/INFO]: [/0:0:0:0:0:0:0:1:50982|FentDealer] -> UpstreamBridge has disconnected
[13:25:53] [Netty Worker IO Thread #0/INFO]: [FentDealer] disconnected with: Proxy lost connection to server.
[13:25:53] [Netty Worker IO Thread #0/INFO]: [/0:0:0:0:0:0:0:1:50982|FentDealer] <-> DownstreamBridge <-> [lobby] has disconnected
[13:27:26] [Netty Worker IO Thread #3/INFO] [EaglercraftXBungee]: [/0:0:0:0:0:0:0:1:50990]: Connected via websocket
[13:27:26] [Netty Worker IO Thread #3/INFO] [EaglercraftXBungee]: [/0:0:0:0:0:0:0:1:50990]: Origin header is https://casual-mouse-main.ngrok-free.app
[13:27:26] [Netty Worker IO Thread #3/INFO] [EaglercraftXBungee]: [/0:0:0:0:0:0:0:1:50990]: Logged in as 'AHHHHHHHHHHHHHHH'
[13:27:26] [Netty Worker IO Thread #3/INFO]: [/0:0:0:0:0:0:0:1:50990|AHHHHHHHHHHHHHHH] -> UpstreamBridge has connected
[13:27:26] [Netty Worker IO Thread #3/INFO]: [AHHHHHHHHHHHHHHH|/0:0:0:0:0:0:0:1:50990] <-> ServerConnector [lobby] has connected
[13:30:19] [Netty Worker IO Thread #3/INFO] [EaglercraftXBungee]: [/0:0:0:0:0:0:0:1:51003]: Connected via websocket
[13:30:19] [Netty Worker IO Thread #3/INFO] [EaglercraftXBungee]: [/0:0:0:0:0:0:0:1:51003]: Origin header is https://casual-mouse-main.ngrok-free.app
[13:30:20] [Netty Worker IO Thread #3/INFO] [EaglercraftXBungee]: [/0:0:0:0:0:0:0:1:51003]: Logged in as 'IceSiked'
[13:30:20] [Netty Worker IO Thread #3/INFO]: [/0:0:0:0:0:0:0:1:51003|IceSiked] -> UpstreamBridge has connected
[13:30:20] [Netty Worker IO Thread #3/INFO]: [IceSiked|/0:0:0:0:0:0:0:1:51003] <-> ServerConnector [lobby] has connected
[13:30:21] [Netty Worker IO Thread #3/INFO]: [/0:0:0:0:0:0:0:1:50990|AHHHHHHHHHHHHHHH] -> UpstreamBridge has disconnected
[13:30:21] [Netty Worker IO Thread #3/INFO]: [AHHHHHHHHHHHHHHH] disconnected with: Proxy lost connection to server.
[13:30:21] [Netty Worker IO Thread #3/INFO]: [/0:0:0:0:0:0:0:1:50990|AHHHHHHHHHHHHHHH] <-> DownstreamBridge <-> [lobby] has disconnected
[13:33:15] [Netty Worker IO Thread #3/INFO]: [/0:0:0:0:0:0:0:1:51003|IceSiked] -> UpstreamBridge has disconnected
[13:33:15] [Netty Worker IO Thread #3/INFO]: [IceSiked] disconnected with: Proxy lost connection to server.
[13:33:15] [Netty Worker IO Thread #3/INFO]: [/0:0:0:0:0:0:0:1:51003|IceSiked] <-> DownstreamBridge <-> [lobby] has disconnected
[13:36:19] [Netty Worker IO Thread #4/INFO] [EaglercraftXBungee]: [/0:0:0:0:0:0:0:1:51016]: Connected via websocket
[13:36:19] [Netty Worker IO Thread #4/INFO] [EaglercraftXBungee]: [/0:0:0:0:0:0:0:1:51016]: Origin header is https://casual-mouse-main.ngrok-free.app
[13:36:20] [Netty Worker IO Thread #4/INFO] [EaglercraftXBungee]: [/0:0:0:0:0:0:0:1:51016]: Logged in as 'TheUnamedDream'
[13:36:20] [Netty Worker IO Thread #4/INFO]: [/0:0:0:0:0:0:0:1:51016|TheUnamedDream] -> UpstreamBridge has connected
[13:36:20] [Netty Worker IO Thread #4/INFO]: [TheUnamedDream|/0:0:0:0:0:0:0:1:51016] <-> ServerConnector [lobby] has connected
[13:37:32] [Netty Worker IO Thread #4/INFO] [EaglercraftXBungee]: [/0:0:0:0:0:0:0:1:51026]: Connected via websocket
[13:37:32] [Netty Worker IO Thread #4/INFO] [EaglercraftXBungee]: [/0:0:0:0:0:0:0:1:51026]: Origin header is https://casual-mouse-main.ngrok-free.app
[13:37:32] [Netty Worker IO Thread #4/INFO] [EaglercraftXBungee]: [/0:0:0:0:0:0:0:1:51026]: Logged in as 'MrMate'
[13:37:32] [Netty Worker IO Thread #4/INFO]: [/0:0:0:0:0:0:0:1:51026|MrMate] -> UpstreamBridge has connected
[13:37:32] [Netty Worker IO Thread #4/INFO]: [MrMate|/0:0:0:0:0:0:0:1:51026] <-> ServerConnector [lobby] has connected
[13:37:51] [Netty Worker IO Thread #4/INFO]: [/0:0:0:0:0:0:0:1:51026|MrMate] -> UpstreamBridge has disconnected
[13:37:51] [Netty Worker IO Thread #4/INFO]: [MrMate] disconnected with: Proxy lost connection to server.
[13:37:51] [Netty Worker IO Thread #4/INFO]: [/0:0:0:0:0:0:0:1:51026|MrMate] <-> DownstreamBridge <-> [lobby] has disconnected
[13:37:56] [Netty Worker IO Thread #0/INFO] [EaglercraftXBungee]: [/0:0:0:0:0:0:0:1:51031]: Connected via websocket
[13:37:56] [Netty Worker IO Thread #0/INFO] [EaglercraftXBungee]: [/0:0:0:0:0:0:0:1:51031]: Origin header is https://casual-mouse-main.ngrok-free.app
[13:37:56] [Netty Worker IO Thread #0/INFO] [EaglercraftXBungee]: [/0:0:0:0:0:0:0:1:51031]: Logged in as 'IceSiked'
[13:37:56] [Netty Worker IO Thread #0/INFO]: [/0:0:0:0:0:0:0:1:51031|IceSiked] -> UpstreamBridge has connected
[13:37:56] [Netty Worker IO Thread #0/INFO]: [IceSiked|/0:0:0:0:0:0:0:1:51031] <-> ServerConnector [lobby] has connected
[13:38:30] [Netty Worker IO Thread #0/INFO]: [/0:0:0:0:0:0:0:1:51031|IceSiked] -> UpstreamBridge has disconnected
[13:38:30] [Netty Worker IO Thread #0/INFO]: [IceSiked] disconnected with: Proxy lost connection to server.
[13:38:30] [Netty Worker IO Thread #0/INFO]: [/0:0:0:0:0:0:0:1:51031|IceSiked] <-> DownstreamBridge <-> [lobby] has disconnected
[13:41:10] [Netty Worker IO Thread #4/INFO] [EaglercraftXBungee]: [/0:0:0:0:0:0:0:1:51040]: Connected via websocket
[13:41:10] [Netty Worker IO Thread #4/INFO] [EaglercraftXBungee]: [/0:0:0:0:0:0:0:1:51040]: Origin header is https://casual-mouse-main.ngrok-free.app
[13:41:10] [Netty Worker IO Thread #4/INFO] [EaglercraftXBungee]: [/0:0:0:0:0:0:0:1:51040]: Logged in as 'IceSiked'
[13:41:11] [Netty Worker IO Thread #4/INFO]: [/0:0:0:0:0:0:0:1:51040|IceSiked] -> UpstreamBridge has connected
[13:41:11] [Netty Worker IO Thread #4/INFO]: [IceSiked|/0:0:0:0:0:0:0:1:51040] <-> ServerConnector [lobby] has connected
[13:50:23] [Netty Worker IO Thread #5/INFO] [EaglercraftXBungee]: [/0:0:0:0:0:0:0:1:51054]: Connected via websocket
[13:50:23] [Netty Worker IO Thread #5/INFO] [EaglercraftXBungee]: [/0:0:0:0:0:0:0:1:51054]: Origin header is https://casual-mouse-main.ngrok-free.app
[13:50:24] [Netty Worker IO Thread #5/INFO] [EaglercraftXBungee]: [/0:0:0:0:0:0:0:1:51054]: Logged in as 'MrMate'
[13:50:24] [Netty Worker IO Thread #5/INFO]: [/0:0:0:0:0:0:0:1:51054|MrMate] -> UpstreamBridge has connected
[13:50:24] [Netty Worker IO Thread #5/INFO]: [MrMate|/0:0:0:0:0:0:0:1:51054] <-> ServerConnector [lobby] has connected
[13:50:27] [Netty Worker IO Thread #5/INFO]: [/0:0:0:0:0:0:0:1:51054|MrMate] -> UpstreamBridge has disconnected
[13:50:27] [Netty Worker IO Thread #5/INFO]: [MrMate] disconnected with: Proxy lost connection to server.
[13:50:27] [Netty Worker IO Thread #5/INFO]: [/0:0:0:0:0:0:0:1:51054|MrMate] <-> DownstreamBridge <-> [lobby] has disconnected
[13:51:44] [Netty Worker IO Thread #7/INFO] [EaglercraftXBungee]: [/0:0:0:0:0:0:0:1:51058]: Connected via websocket
[13:51:44] [Netty Worker IO Thread #7/INFO] [EaglercraftXBungee]: [/0:0:0:0:0:0:0:1:51058]: Origin header is https://casual-mouse-main.ngrok-free.app
[13:51:44] [Netty Worker IO Thread #7/INFO] [EaglercraftXBungee]: [/0:0:0:0:0:0:0:1:51058]: Logged in as 'MrMate'
[13:51:44] [Netty Worker IO Thread #7/INFO]: [/0:0:0:0:0:0:0:1:51058|MrMate] -> UpstreamBridge has connected
[13:51:44] [Netty Worker IO Thread #7/INFO]: [MrMate|/0:0:0:0:0:0:0:1:51058] <-> ServerConnector [lobby] has connected
[13:53:52] [Netty Worker IO Thread #4/INFO]: [/0:0:0:0:0:0:0:1:51040|IceSiked] -> UpstreamBridge has disconnected
[13:53:52] [Netty Worker IO Thread #4/INFO]: [IceSiked] disconnected with: Proxy lost connection to server.
[13:53:52] [Netty Worker IO Thread #4/INFO]: [/0:0:0:0:0:0:0:1:51040|IceSiked] <-> DownstreamBridge <-> [lobby] has disconnected
[13:58:15] [Netty Worker IO Thread #0/INFO] [EaglercraftXBungee]: [/0:0:0:0:0:0:0:1:51073]: Connected via websocket
[13:58:15] [Netty Worker IO Thread #0/INFO] [EaglercraftXBungee]: [/0:0:0:0:0:0:0:1:51073]: Origin header is https://casual-mouse-main.ngrok-free.app
[13:58:16] [Netty Worker IO Thread #0/INFO] [EaglercraftXBungee]: [/0:0:0:0:0:0:0:1:51073]: Logged in as 'rizzler_'
[13:58:16] [Netty Worker IO Thread #0/INFO]: [/0:0:0:0:0:0:0:1:51073|rizzler_] -> UpstreamBridge has connected
[13:58:16] [Netty Worker IO Thread #0/INFO]: [rizzler_|/0:0:0:0:0:0:0:1:51073] <-> ServerConnector [lobby] has connected
[13:58:46] [Netty Worker IO Thread #0/INFO]: [rizzler_] disconnected with: Login timed out!
[13:58:46] [Netty Worker IO Thread #0/INFO]: [/0:0:0:0:0:0:0:1:51073|rizzler_] -> UpstreamBridge has disconnected
[13:58:46] [Netty Worker IO Thread #0/INFO]: [/0:0:0:0:0:0:0:1:51073|rizzler_] <-> DownstreamBridge <-> [lobby] has disconnected
[13:59:23] [Netty Worker IO Thread #2/INFO] [EaglercraftXBungee]: [/0:0:0:0:0:0:0:1:51077]: Connected via websocket
[13:59:23] [Netty Worker IO Thread #2/INFO] [EaglercraftXBungee]: [/0:0:0:0:0:0:0:1:51077]: Origin header is https://casual-mouse-main.ngrok-free.app
[13:59:23] [Netty Worker IO Thread #2/INFO] [EaglercraftXBungee]: [/0:0:0:0:0:0:0:1:51077]: Logged in as 'rizzler'
[13:59:23] [Netty Worker IO Thread #2/INFO]: [/0:0:0:0:0:0:0:1:51077|rizzler] -> UpstreamBridge has connected
[13:59:23] [Netty Worker IO Thread #2/INFO]: [rizzler|/0:0:0:0:0:0:0:1:51077] <-> ServerConnector [lobby] has connected
[14:01:47] [Netty Worker IO Thread #2/INFO]: [/0:0:0:0:0:0:0:1:51077|rizzler] -> UpstreamBridge has disconnected
[14:01:47] [Netty Worker IO Thread #2/INFO]: [rizzler] disconnected with: Proxy lost connection to server.
[14:01:47] [Netty Worker IO Thread #2/INFO]: [/0:0:0:0:0:0:0:1:51077|rizzler] <-> DownstreamBridge <-> [lobby] has disconnected
[14:03:09] [Netty Worker IO Thread #4/INFO]: [/0:0:0:0:0:0:0:1:51016|TheUnamedDream] -> UpstreamBridge has disconnected
[14:03:09] [Netty Worker IO Thread #4/INFO]: [TheUnamedDream] disconnected with: Proxy lost connection to server.
[14:03:09] [Netty Worker IO Thread #4/INFO]: [/0:0:0:0:0:0:0:1:51016|TheUnamedDream] <-> DownstreamBridge <-> [lobby] has disconnected
[14:03:45] [Netty Worker IO Thread #5/INFO] [EaglercraftXBungee]: [/0:0:0:0:0:0:0:1:51083]: Connected via websocket
[14:03:45] [Netty Worker IO Thread #5/INFO] [EaglercraftXBungee]: [/0:0:0:0:0:0:0:1:51083]: Origin header is https://casual-mouse-main.ngrok-free.app
[14:03:45] [Netty Worker IO Thread #5/INFO] [EaglercraftXBungee]: [/0:0:0:0:0:0:0:1:51083]: Logged in as 'TheUnamedDream'
[14:03:45] [Netty Worker IO Thread #5/INFO]: [/0:0:0:0:0:0:0:1:51083|TheUnamedDream] -> UpstreamBridge has connected
[14:03:45] [Netty Worker IO Thread #5/INFO]: [TheUnamedDream|/0:0:0:0:0:0:0:1:51083] <-> ServerConnector [lobby] has connected
[14:09:08] [Netty Worker IO Thread #7/INFO]: [/0:0:0:0:0:0:0:1:51058|MrMate] -> UpstreamBridge has disconnected
[14:09:08] [Netty Worker IO Thread #7/INFO]: [MrMate] disconnected with: Proxy lost connection to server.
[14:09:08] [Netty Worker IO Thread #7/INFO]: [/0:0:0:0:0:0:0:1:51058|MrMate] <-> DownstreamBridge <-> [lobby] has disconnected
[14:09:49] [Netty Worker IO Thread #2/INFO] [EaglercraftXBungee]: [/0:0:0:0:0:0:0:1:51093]: Connected via websocket
[14:09:49] [Netty Worker IO Thread #2/INFO] [EaglercraftXBungee]: [/0:0:0:0:0:0:0:1:51093]: Origin header is https://casual-mouse-main.ngrok-free.app
[14:09:50] [Netty Worker IO Thread #2/INFO] [EaglercraftXBungee]: [/0:0:0:0:0:0:0:1:51093]: Logged in as 'rizzler'
[14:09:50] [Netty Worker IO Thread #2/INFO]: [/0:0:0:0:0:0:0:1:51093|rizzler] -> UpstreamBridge has connected
[14:09:50] [Netty Worker IO Thread #2/INFO]: [rizzler|/0:0:0:0:0:0:0:1:51093] <-> ServerConnector [lobby] has connected
[14:11:16] [Netty Worker IO Thread #2/INFO]: [/0:0:0:0:0:0:0:1:51093|rizzler] -> UpstreamBridge has disconnected
[14:11:16] [Netty Worker IO Thread #2/INFO]: [rizzler] disconnected with: Proxy lost connection to server.
[14:11:16] [Netty Worker IO Thread #2/INFO]: [/0:0:0:0:0:0:0:1:51093|rizzler] <-> DownstreamBridge <-> [lobby] has disconnected
[14:12:51] [Netty Worker IO Thread #2/INFO] [EaglercraftXBungee]: [/0:0:0:0:0:0:0:1:51108]: Connected via websocket
[14:12:51] [Netty Worker IO Thread #2/INFO] [EaglercraftXBungee]: [/0:0:0:0:0:0:0:1:51108]: Origin header is https://casual-mouse-main.ngrok-free.app
[14:12:51] [Netty Worker IO Thread #2/INFO] [EaglercraftXBungee]: [/0:0:0:0:0:0:0:1:51108]: Logged in as 'XXR_justHuddo'
[14:12:51] [Netty Worker IO Thread #2/INFO]: [/0:0:0:0:0:0:0:1:51108|XXR_justHuddo] -> UpstreamBridge has connected
[14:12:51] [Netty Worker IO Thread #2/INFO]: [XXR_justHuddo|/0:0:0:0:0:0:0:1:51108] <-> ServerConnector [lobby] has connected
[14:13:09] [Netty Worker IO Thread #4/INFO] [EaglercraftXBungee]: [/0:0:0:0:0:0:0:1:51111]: Connected via websocket
[14:13:09] [Netty Worker IO Thread #4/INFO] [EaglercraftXBungee]: [/0:0:0:0:0:0:0:1:51111]: Origin header is https://casual-mouse-main.ngrok-free.app
[14:13:09] [Netty Worker IO Thread #4/INFO] [EaglercraftXBungee]: [/0:0:0:0:0:0:0:1:51111]: Logged in as 'rizzler'
[14:13:09] [Netty Worker IO Thread #4/INFO]: [/0:0:0:0:0:0:0:1:51111|rizzler] -> UpstreamBridge has connected
[14:13:09] [Netty Worker IO Thread #4/INFO]: [rizzler|/0:0:0:0:0:0:0:1:51111] <-> ServerConnector [lobby] has connected
[14:13:22] [Netty Worker IO Thread #2/INFO]: [XXR_justHuddo] disconnected with: Login timed out!
[14:13:22] [Netty Worker IO Thread #2/INFO]: [/0:0:0:0:0:0:0:1:51108|XXR_justHuddo] -> UpstreamBridge has disconnected
[14:13:22] [Netty Worker IO Thread #2/INFO]: [/0:0:0:0:0:0:0:1:51108|XXR_justHuddo] <-> DownstreamBridge <-> [lobby] has disconnected
[14:13:22] [Netty Worker IO Thread #6/INFO] [EaglercraftXBungee]: [/0:0:0:0:0:0:0:1:51114]: Connected via websocket
[14:13:22] [Netty Worker IO Thread #6/INFO] [EaglercraftXBungee]: [/0:0:0:0:0:0:0:1:51114]: Origin header is https://casual-mouse-main.ngrok-free.app
[14:13:22] [Netty Worker IO Thread #6/INFO] [EaglercraftXBungee]: [/0:0:0:0:0:0:0:1:51114]: Logged in as 'MrMate'
[14:13:22] [Netty Worker IO Thread #6/INFO]: [/0:0:0:0:0:0:0:1:51114|MrMate] -> UpstreamBridge has connected
[14:13:22] [Netty Worker IO Thread #6/INFO]: [MrMate|/0:0:0:0:0:0:0:1:51114] <-> ServerConnector [lobby] has connected
[14:13:35] [Netty Worker IO Thread #7/INFO] [EaglercraftXBungee]: [/0:0:0:0:0:0:0:1:51116]: Connected via websocket
[14:13:35] [Netty Worker IO Thread #7/INFO] [EaglercraftXBungee]: [/0:0:0:0:0:0:0:1:51116]: Origin header is https://casual-mouse-main.ngrok-free.app
[14:13:35] [Netty Worker IO Thread #7/INFO] [EaglercraftXBungee]: [/0:0:0:0:0:0:0:1:51116]: Logged in as 'AHHHHHHHHHHHHHHH'
[14:13:35] [Netty Worker IO Thread #7/INFO]: [/0:0:0:0:0:0:0:1:51116|AHHHHHHHHHHHHHHH] -> UpstreamBridge has connected
[14:13:35] [Netty Worker IO Thread #7/INFO]: [AHHHHHHHHHHHHHHH|/0:0:0:0:0:0:0:1:51116] <-> ServerConnector [lobby] has connected
[14:15:08] [Netty Worker IO Thread #7/INFO]: [/0:0:0:0:0:0:0:1:51116|AHHHHHHHHHHHHHHH] -> UpstreamBridge has disconnected
[14:15:08] [Netty Worker IO Thread #7/INFO]: [AHHHHHHHHHHHHHHH] disconnected with: Proxy lost connection to server.
[14:15:08] [Netty Worker IO Thread #7/INFO]: [/0:0:0:0:0:0:0:1:51116|AHHHHHHHHHHHHHHH] <-> DownstreamBridge <-> [lobby] has disconnected
[14:15:18] [Netty Worker IO Thread #5/INFO]: [/0:0:0:0:0:0:0:1:51083|TheUnamedDream] -> UpstreamBridge has disconnected
[14:15:18] [Netty Worker IO Thread #5/INFO]: [TheUnamedDream] disconnected with: Proxy lost connection to server.
[14:15:18] [Netty Worker IO Thread #5/INFO]: [/0:0:0:0:0:0:0:1:51083|TheUnamedDream] <-> DownstreamBridge <-> [lobby] has disconnected
[14:16:37] [Netty Worker IO Thread #6/INFO]: [/0:0:0:0:0:0:0:1:51114|MrMate] -> UpstreamBridge has disconnected
[14:16:37] [Netty Worker IO Thread #6/INFO]: [MrMate] disconnected with: Proxy lost connection to server.
[14:16:37] [Netty Worker IO Thread #6/INFO]: [/0:0:0:0:0:0:0:1:51114|MrMate] <-> DownstreamBridge <-> [lobby] has disconnected
[14:17:38] [Netty Worker IO Thread #2/INFO] [EaglercraftXBungee]: [/0:0:0:0:0:0:0:1:51122]: Connected via websocket
[14:17:38] [Netty Worker IO Thread #2/INFO] [EaglercraftXBungee]: [/0:0:0:0:0:0:0:1:51122]: Origin header is https://casual-mouse-main.ngrok-free.app
[14:17:38] [Netty Worker IO Thread #2/INFO] [EaglercraftXBungee]: [/0:0:0:0:0:0:0:1:51122]: Logged in as 'TheUnamedDream'
[14:17:38] [Netty Worker IO Thread #2/INFO]: [/0:0:0:0:0:0:0:1:51122|TheUnamedDream] -> UpstreamBridge has connected
[14:17:38] [Netty Worker IO Thread #2/INFO]: [TheUnamedDream|/0:0:0:0:0:0:0:1:51122] <-> ServerConnector [lobby] has connected
[14:17:59] [Netty Worker IO Thread #4/INFO]: [/0:0:0:0:0:0:0:1:51111|rizzler] -> UpstreamBridge has disconnected
[14:17:59] [Netty Worker IO Thread #4/INFO]: [rizzler] disconnected with: Proxy lost connection to server.
[14:17:59] [Netty Worker IO Thread #4/INFO]: [/0:0:0:0:0:0:0:1:51111|rizzler] <-> DownstreamBridge <-> [lobby] has disconnected
[14:18:58] [Netty Worker IO Thread #3/INFO] [EaglercraftXBungee]: [/0:0:0:0:0:0:0:1:51124]: Connected via websocket
[14:18:58] [Netty Worker IO Thread #3/INFO] [EaglercraftXBungee]: [/0:0:0:0:0:0:0:1:51124]: Origin header is https://casual-mouse-main.ngrok-free.app
[14:18:58] [Netty Worker IO Thread #3/INFO] [EaglercraftXBungee]: [/0:0:0:0:0:0:0:1:51124]: Logged in as 'MrMate'
[14:18:58] [Netty Worker IO Thread #3/INFO]: [/0:0:0:0:0:0:0:1:51124|MrMate] -> UpstreamBridge has connected
[14:18:58] [Netty Worker IO Thread #3/INFO]: [MrMate|/0:0:0:0:0:0:0:1:51124] <-> ServerConnector [lobby] has connected
[14:25:28] [Netty Worker IO Thread #1/INFO] [EaglercraftXBungee]: [/0:0:0:0:0:0:0:1:51137]: Connected via websocket
[14:25:28] [Netty Worker IO Thread #1/INFO] [EaglercraftXBungee]: [/0:0:0:0:0:0:0:1:51137]: Origin header is https://casual-mouse-main.ngrok-free.app
[14:25:28] [Netty Worker IO Thread #1/INFO] [EaglercraftXBungee]: [/0:0:0:0:0:0:0:1:51137]: Logged in as 'rizzler'
[14:25:28] [Netty Worker IO Thread #1/INFO]: [/0:0:0:0:0:0:0:1:51137|rizzler] -> UpstreamBridge has connected
[14:25:28] [Netty Worker IO Thread #1/INFO]: [rizzler|/0:0:0:0:0:0:0:1:51137] <-> ServerConnector [lobby] has connected
[14:25:41] [Netty Worker IO Thread #1/INFO]: [/0:0:0:0:0:0:0:1:51137|rizzler] -> UpstreamBridge has disconnected
[14:25:41] [Netty Worker IO Thread #1/INFO]: [rizzler] disconnected with: Proxy lost connection to server.
[14:25:41] [Netty Worker IO Thread #1/INFO]: [/0:0:0:0:0:0:0:1:51137|rizzler] <-> DownstreamBridge <-> [lobby] has disconnected
[14:30:31] [Netty Worker IO Thread #3/INFO]: [/0:0:0:0:0:0:0:1:51124|MrMate] -> UpstreamBridge has disconnected
[14:30:31] [Netty Worker IO Thread #3/INFO]: [MrMate] disconnected with: Proxy lost connection to server.
[14:30:31] [Netty Worker IO Thread #3/INFO]: [/0:0:0:0:0:0:0:1:51124|MrMate] <-> DownstreamBridge <-> [lobby] has disconnected
[14:33:38] [Netty Worker IO Thread #1/INFO] [EaglercraftXBungee]: [/0:0:0:0:0:0:0:1:51153]: Connected via websocket
[14:33:38] [Netty Worker IO Thread #1/INFO] [EaglercraftXBungee]: [/0:0:0:0:0:0:0:1:51153]: Origin header is https://casual-mouse-main.ngrok-free.app
[14:33:38] [Netty Worker IO Thread #1/INFO] [EaglercraftXBungee]: [/0:0:0:0:0:0:0:1:51153]: Logged in as 'rizzler'
[14:33:38] [Netty Worker IO Thread #1/INFO]: [/0:0:0:0:0:0:0:1:51153|rizzler] -> UpstreamBridge has connected
[14:33:38] [Netty Worker IO Thread #1/INFO]: [rizzler|/0:0:0:0:0:0:0:1:51153] <-> ServerConnector [lobby] has connected
[14:35:32] [Netty Worker IO Thread #2/INFO] [EaglercraftXBungee]: [/0:0:0:0:0:0:0:1:51157]: Connected via websocket
[14:35:32] [Netty Worker IO Thread #2/INFO] [EaglercraftXBungee]: [/0:0:0:0:0:0:0:1:51157]: Origin header is https://casual-mouse-main.ngrok-free.app
[14:35:32] [Netty Worker IO Thread #2/INFO] [EaglercraftXBungee]: [/0:0:0:0:0:0:0:1:51157]: Logged in as 'MrMate'
[14:35:32] [Netty Worker IO Thread #2/INFO]: [/0:0:0:0:0:0:0:1:51157|MrMate] -> UpstreamBridge has connected
[14:35:32] [Netty Worker IO Thread #2/INFO]: [MrMate|/0:0:0:0:0:0:0:1:51157] <-> ServerConnector [lobby] has connected
[14:36:02] [Netty Worker IO Thread #2/INFO]: [MrMate] disconnected with: Login timed out!
[14:36:02] [Netty Worker IO Thread #2/INFO]: [/0:0:0:0:0:0:0:1:51157|MrMate] -> UpstreamBridge has disconnected
[14:36:02] [Netty Worker IO Thread #2/INFO]: [/0:0:0:0:0:0:0:1:51157|MrMate] <-> DownstreamBridge <-> [lobby] has disconnected
[14:38:04] [Netty Worker IO Thread #3/INFO] [EaglercraftXBungee]: [/0:0:0:0:0:0:0:1:51163]: Connected via websocket
[14:38:04] [Netty Worker IO Thread #3/INFO] [EaglercraftXBungee]: [/0:0:0:0:0:0:0:1:51163]: Origin header is https://casual-mouse-main.ngrok-free.app
[14:38:05] [Netty Worker IO Thread #3/INFO] [EaglercraftXBungee]: [/0:0:0:0:0:0:0:1:51163]: Logged in as 'MrMate'
[14:38:05] [Netty Worker IO Thread #3/INFO]: [/0:0:0:0:0:0:0:1:51163|MrMate] -> UpstreamBridge has connected
[14:38:05] [Netty Worker IO Thread #3/INFO]: [MrMate|/0:0:0:0:0:0:0:1:51163] <-> ServerConnector [lobby] has connected
[14:42:59] [Netty Worker IO Thread #6/INFO] [EaglercraftXBungee]: [/0:0:0:0:0:0:0:1:51176]: Connected via websocket
[14:42:59] [Netty Worker IO Thread #6/INFO] [EaglercraftXBungee]: [/0:0:0:0:0:0:0:1:51176]: Origin header is https://casual-mouse-main.ngrok-free.app
[14:42:59] [Netty Worker IO Thread #6/INFO] [EaglercraftXBungee]: [/0:0:0:0:0:0:0:1:51176]: Logged in as 'IceSiked'
[14:42:59] [Netty Worker IO Thread #6/INFO]: [/0:0:0:0:0:0:0:1:51176|IceSiked] -> UpstreamBridge has connected
[14:42:59] [Netty Worker IO Thread #6/INFO]: [IceSiked|/0:0:0:0:0:0:0:1:51176] <-> ServerConnector [lobby] has connected
[14:46:10] [Netty Worker IO Thread #6/INFO]: [/0:0:0:0:0:0:0:1:51176|IceSiked] -> UpstreamBridge has disconnected
[14:46:10] [Netty Worker IO Thread #6/INFO]: [IceSiked] disconnected with: Proxy lost connection to server.
[14:46:10] [Netty Worker IO Thread #6/INFO]: [/0:0:0:0:0:0:0:1:51176|IceSiked] <-> DownstreamBridge <-> [lobby] has disconnected
[14:46:24] [Netty Worker IO Thread #0/INFO] [EaglercraftXBungee]: [/0:0:0:0:0:0:0:1:51190]: Connected via websocket
[14:46:24] [Netty Worker IO Thread #0/INFO] [EaglercraftXBungee]: [/0:0:0:0:0:0:0:1:51190]: Origin header is https://casual-mouse-main.ngrok-free.app
[14:46:24] [Netty Worker IO Thread #0/INFO] [EaglercraftXBungee]: [/0:0:0:0:0:0:0:1:51190]: Logged in as 'Dark_stalker33'
[14:46:24] [Netty Worker IO Thread #0/INFO]: [/0:0:0:0:0:0:0:1:51190|Dark_stalker33] -> UpstreamBridge has connected
[14:46:24] [Netty Worker IO Thread #0/INFO]: [Dark_stalker33|/0:0:0:0:0:0:0:1:51190] <-> ServerConnector [lobby] has connected
[14:46:34] [Netty Worker IO Thread #2/INFO] [EaglercraftXBungee]: [/0:0:0:0:0:0:0:1:51193]: Connected via websocket
[14:46:34] [Netty Worker IO Thread #2/INFO] [EaglercraftXBungee]: [/0:0:0:0:0:0:0:1:51193]: Origin header is https://casual-mouse-main.ngrok-free.app
[14:46:34] [Netty Worker IO Thread #2/INFO] [EaglercraftXBungee]: [/0:0:0:0:0:0:0:1:51193]: Logged in as 'IceSiked'
[14:46:34] [Netty Worker IO Thread #2/INFO]: [/0:0:0:0:0:0:0:1:51193|IceSiked] -> UpstreamBridge has connected
[14:46:34] [Netty Worker IO Thread #2/INFO]: [IceSiked|/0:0:0:0:0:0:0:1:51193] <-> ServerConnector [lobby] has connected
[14:48:18] [Netty Worker IO Thread #3/INFO]: [/0:0:0:0:0:0:0:1:51163|MrMate] -> UpstreamBridge has disconnected
[14:48:18] [Netty Worker IO Thread #3/INFO]: [MrMate] disconnected with: Proxy lost connection to server.
[14:48:18] [Netty Worker IO Thread #3/INFO]: [/0:0:0:0:0:0:0:1:51163|MrMate] <-> DownstreamBridge <-> [lobby] has disconnected
[14:48:27] [Netty Worker IO Thread #1/INFO]: [/0:0:0:0:0:0:0:1:51153|rizzler] -> UpstreamBridge has disconnected
[14:48:27] [Netty Worker IO Thread #1/INFO]: [rizzler] disconnected with: Proxy lost connection to server.
[14:48:27] [Netty Worker IO Thread #1/INFO]: [/0:0:0:0:0:0:0:1:51153|rizzler] <-> DownstreamBridge <-> [lobby] has disconnected
[14:50:17] [Netty Worker IO Thread #2/INFO]: [/0:0:0:0:0:0:0:1:51122|TheUnamedDream] -> UpstreamBridge has disconnected
[14:50:17] [Netty Worker IO Thread #2/INFO]: [TheUnamedDream] disconnected with: Proxy lost connection to server.
[14:50:17] [Netty Worker IO Thread #2/INFO]: [/0:0:0:0:0:0:0:1:51122|TheUnamedDream] <-> DownstreamBridge <-> [lobby] has disconnected
[14:52:22] [Netty Worker IO Thread #4/INFO] [EaglercraftXBungee]: [/0:0:0:0:0:0:0:1:51207]: Connected via websocket
[14:52:22] [Netty Worker IO Thread #4/INFO] [EaglercraftXBungee]: [/0:0:0:0:0:0:0:1:51207]: Origin header is https://casual-mouse-main.ngrok-free.app
[14:52:23] [Netty Worker IO Thread #4/INFO] [EaglercraftXBungee]: [/0:0:0:0:0:0:0:1:51207]: Logged in as 'DKing201'
[14:52:23] [Netty Worker IO Thread #4/INFO]: [/0:0:0:0:0:0:0:1:51207|DKing201] -> UpstreamBridge has connected
[14:52:23] [Netty Worker IO Thread #4/INFO]: [DKing201|/0:0:0:0:0:0:0:1:51207] <-> ServerConnector [lobby] has connected
[14:52:23] [Netty Worker IO Thread #5/INFO] [EaglercraftXBungee]: [/0:0:0:0:0:0:0:1:51210]: Connected via websocket
[14:52:23] [Netty Worker IO Thread #5/INFO] [EaglercraftXBungee]: [/0:0:0:0:0:0:0:1:51210]: Origin header is https://casual-mouse-main.ngrok-free.app
[14:52:24] [Netty Worker IO Thread #5/INFO] [EaglercraftXBungee]: [/0:0:0:0:0:0:0:1:51210]: Logged in as 'TheUnamedDream'
[14:52:24] [Netty Worker IO Thread #5/INFO]: [/0:0:0:0:0:0:0:1:51210|TheUnamedDream] -> UpstreamBridge has connected
[14:52:24] [Netty Worker IO Thread #5/INFO]: [TheUnamedDream|/0:0:0:0:0:0:0:1:51210] <-> ServerConnector [lobby] has connected
[15:02:02] [Netty Worker IO Thread #5/INFO]: [/0:0:0:0:0:0:0:1:51210|TheUnamedDream] -> UpstreamBridge has disconnected
[15:02:02] [Netty Worker IO Thread #5/INFO]: [TheUnamedDream] disconnected with: Proxy lost connection to server.
[15:02:02] [Netty Worker IO Thread #5/INFO]: [/0:0:0:0:0:0:0:1:51210|TheUnamedDream] <-> DownstreamBridge <-> [lobby] has disconnected
[15:02:24] [Netty Worker IO Thread #4/INFO]: [/0:0:0:0:0:0:0:1:51207|DKing201] -> UpstreamBridge has disconnected
[15:02:24] [Netty Worker IO Thread #4/INFO]: [DKing201] disconnected with: Proxy lost connection to server.
[15:02:24] [Netty Worker IO Thread #4/INFO]: [/0:0:0:0:0:0:0:1:51207|DKing201] <-> DownstreamBridge <-> [lobby] has disconnected
[15:02:41] [Netty Worker IO Thread #2/INFO]: [/0:0:0:0:0:0:0:1:51193|IceSiked] -> UpstreamBridge has disconnected
[15:02:41] [Netty Worker IO Thread #2/INFO]: [IceSiked] disconnected with: Proxy lost connection to server.
[15:02:41] [Netty Worker IO Thread #2/INFO]: [/0:0:0:0:0:0:0:1:51193|IceSiked] <-> DownstreamBridge <-> [lobby] has disconnected
[15:02:45] [Netty Worker IO Thread #0/INFO]: [/0:0:0:0:0:0:0:1:51190|Dark_stalker33] -> UpstreamBridge has disconnected
[15:02:45] [Netty Worker IO Thread #0/INFO]: [Dark_stalker33] disconnected with: Proxy lost connection to server.
[15:02:45] [Netty Worker IO Thread #0/INFO]: [/0:0:0:0:0:0:0:1:51190|Dark_stalker33] <-> DownstreamBridge <-> [lobby] has disconnected
[15:04:55] [Netty Worker IO Thread #1/INFO] [EaglercraftXBungee]: [/0:0:0:0:0:0:0:1:51227]: Connected via websocket
[15:04:55] [Netty Worker IO Thread #1/INFO] [EaglercraftXBungee]: [/0:0:0:0:0:0:0:1:51227]: Origin header is https://casual-mouse-main.ngrok-free.app
[15:04:55] [Netty Worker IO Thread #1/INFO] [EaglercraftXBungee]: [/0:0:0:0:0:0:0:1:51227]: Logged in as 'IceSiked'
[15:04:55] [Netty Worker IO Thread #1/INFO]: [/0:0:0:0:0:0:0:1:51227|IceSiked] -> UpstreamBridge has connected
[15:04:55] [Netty Worker IO Thread #1/INFO]: [IceSiked|/0:0:0:0:0:0:0:1:51227] <-> ServerConnector [lobby] has connected
[15:04:59] [Netty Worker IO Thread #1/INFO]: [/0:0:0:0:0:0:0:1:51227|IceSiked] -> UpstreamBridge has disconnected
[15:04:59] [Netty Worker IO Thread #1/INFO]: [IceSiked] disconnected with: Proxy lost connection to server.
[15:04:59] [Netty Worker IO Thread #1/INFO]: [/0:0:0:0:0:0:0:1:51227|IceSiked] <-> DownstreamBridge <-> [lobby] has disconnected
[15:19:57] [Netty Worker IO Thread #4/INFO] [EaglercraftXBungee]: [/0:0:0:0:0:0:0:1:51252]: Connected via websocket
[15:19:57] [Netty Worker IO Thread #4/INFO] [EaglercraftXBungee]: [/0:0:0:0:0:0:0:1:51252]: Origin header is https://casual-mouse-main.ngrok-free.app
[15:19:57] [Netty Worker IO Thread #4/INFO] [EaglercraftXBungee]: [/0:0:0:0:0:0:0:1:51252]: Logged in as 'DKing201'
[15:19:57] [Netty Worker IO Thread #4/INFO]: [/0:0:0:0:0:0:0:1:51252|DKing201] -> UpstreamBridge has connected
[15:19:57] [Netty Worker IO Thread #4/INFO]: [DKing201|/0:0:0:0:0:0:0:1:51252] <-> ServerConnector [lobby] has connected
[15:30:39] [Netty Worker IO Thread #3/INFO] [EaglercraftXBungee]: [/0:0:0:0:0:0:0:1:51269]: Connected via websocket
[15:30:39] [Netty Worker IO Thread #3/INFO] [EaglercraftXBungee]: [/0:0:0:0:0:0:0:1:51269]: Origin header is https://casual-mouse-main.ngrok-free.app
[15:30:39] [Netty Worker IO Thread #3/INFO] [EaglercraftXBungee]: [/0:0:0:0:0:0:0:1:51269]: Logged in as 'nik123'
[15:30:39] [Netty Worker IO Thread #3/INFO]: [/0:0:0:0:0:0:0:1:51269|nik123] -> UpstreamBridge has connected
[15:30:39] [Netty Worker IO Thread #3/INFO]: [nik123|/0:0:0:0:0:0:0:1:51269] <-> ServerConnector [lobby] has connected
[15:31:10] [Netty Worker IO Thread #3/INFO]: [nik123] disconnected with: Login timed out!
[15:31:10] [Netty Worker IO Thread #3/INFO]: [/0:0:0:0:0:0:0:1:51269|nik123] -> UpstreamBridge has disconnected
[15:31:10] [Netty Worker IO Thread #3/INFO]: [/0:0:0:0:0:0:0:1:51269|nik123] <-> DownstreamBridge <-> [lobby] has disconnected
[15:31:14] [Netty Worker IO Thread #4/INFO] [EaglercraftXBungee]: [/0:0:0:0:0:0:0:1:51271]: Connected via websocket
[15:31:14] [Netty Worker IO Thread #4/INFO] [EaglercraftXBungee]: [/0:0:0:0:0:0:0:1:51271]: Origin header is https://casual-mouse-main.ngrok-free.app
[15:31:15] [Netty Worker IO Thread #4/INFO] [EaglercraftXBungee]: [/0:0:0:0:0:0:0:1:51271]: Logged in as 'nik123'
[15:31:15] [Netty Worker IO Thread #4/INFO]: [/0:0:0:0:0:0:0:1:51271|nik123] -> UpstreamBridge has connected
[15:31:15] [Netty Worker IO Thread #4/INFO]: [nik123|/0:0:0:0:0:0:0:1:51271] <-> ServerConnector [lobby] has connected
[15:35:00] [Netty Worker IO Thread #6/INFO] [EaglercraftXBungee]: [/0:0:0:0:0:0:0:1:51431]: Connected via websocket
[15:35:00] [Netty Worker IO Thread #6/INFO] [EaglercraftXBungee]: [/0:0:0:0:0:0:0:1:51431]: Origin header is https://casual-mouse-main.ngrok-free.app
[15:35:00] [Netty Worker IO Thread #6/INFO] [EaglercraftXBungee]: [/0:0:0:0:0:0:0:1:51431]: Logged in as 'IceSiked'
[15:35:00] [Netty Worker IO Thread #6/INFO]: [/0:0:0:0:0:0:0:1:51431|IceSiked] -> UpstreamBridge has connected
[15:35:00] [Netty Worker IO Thread #6/INFO]: [IceSiked|/0:0:0:0:0:0:0:1:51431] <-> ServerConnector [lobby] has connected
[15:49:19] [Netty Worker IO Thread #6/INFO]: [/0:0:0:0:0:0:0:1:51431|IceSiked] -> UpstreamBridge has disconnected
[15:49:19] [Netty Worker IO Thread #6/INFO]: [IceSiked] disconnected with: Proxy lost connection to server.
[15:49:19] [Netty Worker IO Thread #6/INFO]: [/0:0:0:0:0:0:0:1:51431|IceSiked] <-> DownstreamBridge <-> [lobby] has disconnected
[16:01:59] [Netty Worker IO Thread #4/INFO]: [/0:0:0:0:0:0:0:1:51252|DKing201] -> UpstreamBridge has disconnected
[16:01:59] [Netty Worker IO Thread #4/INFO]: [DKing201] disconnected with: Proxy lost connection to server.
[16:01:59] [Netty Worker IO Thread #4/INFO]: [/0:0:0:0:0:0:0:1:51252|DKing201] <-> DownstreamBridge <-> [lobby] has disconnected
[16:02:29] [Netty Worker IO Thread #4/INFO]: [/0:0:0:0:0:0:0:1:51271|nik123] -> UpstreamBridge has disconnected
[16:02:29] [Netty Worker IO Thread #4/INFO]: [nik123] disconnected with: Proxy lost connection to server.
[16:02:29] [Netty Worker IO Thread #4/INFO]: [/0:0:0:0:0:0:0:1:51271|nik123] <-> DownstreamBridge <-> [lobby] has disconnected
[16:08:27] [Netty Worker IO Thread #1/INFO] [EaglercraftXBungee]: [/192.168.1.103:49848]: Connected via websocket
[16:08:27] [Netty Worker IO Thread #1/INFO] [EaglercraftXBungee]: [/192.168.1.103:49848]: Origin header is http://192.168.1.109:8081
[16:08:27] [Netty Worker IO Thread #1/INFO] [EaglercraftXBungee]: [/192.168.1.103:49848]: Logged in as 'MrMate'
[16:08:27] [Netty Worker IO Thread #1/INFO]: [/192.168.1.103:49848|MrMate] -> UpstreamBridge has connected
[16:08:27] [Netty Worker IO Thread #1/INFO]: [MrMate|/192.168.1.103:49848] <-> ServerConnector [lobby] has connected
[16:09:29] [Netty Worker IO Thread #1/INFO]: [/192.168.1.103:49848|MrMate] -> UpstreamBridge has disconnected
[16:09:29] [Netty Worker IO Thread #1/INFO]: [MrMate] disconnected with: Proxy lost connection to server.
[16:09:29] [Netty Worker IO Thread #1/INFO]: [/192.168.1.103:49848|MrMate] <-> DownstreamBridge <-> [lobby] has disconnected
[16:25:44] [Netty Worker IO Thread #6/INFO] [EaglercraftXBungee]: [/0:0:0:0:0:0:0:1:52378]: Connected via websocket
[16:25:44] [Netty Worker IO Thread #6/INFO] [EaglercraftXBungee]: [/0:0:0:0:0:0:0:1:52378]: Origin header is https://casual-mouse-main.ngrok-free.app
[16:25:44] [Netty Worker IO Thread #6/INFO] [EaglercraftXBungee]: [/0:0:0:0:0:0:0:1:52378]: Logged in as 'IceSiked'
[16:25:44] [Netty Worker IO Thread #6/INFO]: [/0:0:0:0:0:0:0:1:52378|IceSiked] -> UpstreamBridge has connected
[16:25:44] [Netty Worker IO Thread #6/INFO]: [IceSiked|/0:0:0:0:0:0:0:1:52378] <-> ServerConnector [lobby] has connected
[16:25:47] [Netty Worker IO Thread #6/INFO]: [/0:0:0:0:0:0:0:1:52378|IceSiked] -> UpstreamBridge has disconnected
[16:25:47] [Netty Worker IO Thread #6/INFO]: [IceSiked] disconnected with: Proxy lost connection to server.
[16:25:47] [Netty Worker IO Thread #6/INFO]: [/0:0:0:0:0:0:0:1:52378|IceSiked] <-> DownstreamBridge <-> [lobby] has disconnected
[19:48:14] [Netty Worker IO Thread #4/INFO] [EaglercraftXBungee]: [/0:0:0:0:0:0:0:1:53092]: Connected via websocket
[19:48:14] [Netty Worker IO Thread #4/INFO] [EaglercraftXBungee]: [/0:0:0:0:0:0:0:1:53092]: Origin header is https://casual-mouse-main.ngrok-free.app
[19:48:15] [Netty Worker IO Thread #4/INFO] [EaglercraftXBungee]: [/0:0:0:0:0:0:0:1:53092]: Logged in as 'IceSiked'
[19:48:15] [Netty Worker IO Thread #4/INFO]: [/0:0:0:0:0:0:0:1:53092|IceSiked] -> UpstreamBridge has connected
[19:48:15] [Netty Worker IO Thread #4/INFO]: [IceSiked|/0:0:0:0:0:0:0:1:53092] <-> ServerConnector [lobby] has connected
[19:57:20] [Netty Worker IO Thread #4/INFO]: [/0:0:0:0:0:0:0:1:53092|IceSiked] -> UpstreamBridge has disconnected
[19:57:20] [Netty Worker IO Thread #4/INFO]: [IceSiked] disconnected with: Proxy lost connection to server.
[19:57:20] [Netty Worker IO Thread #4/INFO]: [/0:0:0:0:0:0:0:1:53092|IceSiked] <-> DownstreamBridge <-> [lobby] has disconnected
[22:14:09] [main/INFO]: Command not found
[22:14:10] [main/INFO]: Command not found
[22:14:12] [main/INFO]: Command not found
[22:14:17] [main/INFO]: Command not found
[22:14:22] [main/INFO]: Command not found
[22:14:24] [main/INFO]: Command not found
