[00:28:50] [main/INFO]: Using mbed TLS based native cipher.
[00:28:50] [main/INFO]: Using zlib based native compressor.
[00:28:50] [main/INFO]: Enabled Waterfall version git:Waterfall-Bootstrap:1.19-R0.1-SNAPSHOT:f6069e2:513
[00:28:50] [main/INFO]: Not on Windows, attempting to use enhanced EpollEventLoop
[00:28:51] [main/INFO]: Epoll is working, utilising it!
[00:28:51] [main/INFO]: Discovered module: ModuleSpec(name=cmd_alert, file=modules/cmd_alert.jar, provider=JenkinsModuleSource())
[00:28:51] [main/INFO]: Discovered module: ModuleSpec(name=cmd_find, file=modules/cmd_find.jar, provider=JenkinsModuleSource())
[00:28:51] [main/INFO]: Discovered module: ModuleSpec(name=cmd_list, file=modules/cmd_list.jar, provider=JenkinsModuleSource())
[00:28:51] [main/INFO]: Discovered module: ModuleSpec(name=cmd_send, file=modules/cmd_send.jar, provider=JenkinsModuleSource())
[00:28:51] [main/INFO]: Discovered module: ModuleSpec(name=cmd_server, file=modules/cmd_server.jar, provider=JenkinsModuleSource())
[00:28:51] [main/INFO]: Discovered module: ModuleSpec(name=reconnect_yaml, file=modules/reconnect_yaml.jar, provider=JenkinsModuleSource())
[00:28:51] [main/INFO]: Loaded plugin reconnect_yaml version git:reconnect_yaml:1.19-R0.1-SNAPSHOT:f6069e2:513 by WaterfallMC
[00:28:51] [main/INFO]: Loaded plugin cmd_find version git:cmd_find:1.19-R0.1-SNAPSHOT:f6069e2:513 by WaterfallMC
[00:28:51] [main/INFO]: Loaded plugin cmd_server version git:cmd_server:1.19-R0.1-SNAPSHOT:f6069e2:513 by WaterfallMC
[00:28:51] [main/INFO]: Loaded plugin cmd_alert version git:cmd_alert:1.19-R0.1-SNAPSHOT:f6069e2:513 by WaterfallMC
[00:28:51] [main/INFO]: Loaded plugin cmd_send version git:cmd_send:1.19-R0.1-SNAPSHOT:f6069e2:513 by WaterfallMC
[00:28:51] [main/INFO]: Loaded plugin cmd_list version git:cmd_list:1.19-R0.1-SNAPSHOT:f6069e2:513 by WaterfallMC
[00:28:51] [main/WARN]: :>:>:>:>:>:>:>:>:>:>:>:>:>:>:>:>:>:>:>:>:>:>:>
[00:28:51] [main/WARN]: :>  
[00:28:51] [main/WARN]: :>      EAGLERCRAFTXBUNGEE WARNING:
[00:28:51] [main/WARN]: :>  
[00:28:51] [main/WARN]: :>  This plugin wasn't tested to be 'working'
[00:28:51] [main/WARN]: :>  with ANY version of BungeeCord (and forks)
[00:28:51] [main/WARN]: :>  apart from the versions listed below:
[00:28:51] [main/WARN]: :>  
[00:28:51] [main/WARN]: :>  - BungeeCord: 1.20-R0.3-SNAPSHOT:eda268b:1797
[00:28:51] [main/WARN]: :>  - Waterfall: 1.20-R0.2-SNAPSHOT:92b5149:562
[00:28:51] [main/WARN]: :>  - FlameCord: 1.1.1
[00:28:51] [main/WARN]: :>  
[00:28:51] [main/WARN]: :>  This is not a Bukkit/Spigot plugin!
[00:28:51] [main/WARN]: :>  
[00:28:51] [main/WARN]: :>  Use "-Deaglerxbungee.stfu=true" to hide
[00:28:51] [main/WARN]: :>  
[00:28:51] [main/WARN]: :>:>:>:>:>:>:>:>:>:>:>:>:>:>:>:>:>:>:>:>:>:>:>
[00:28:51] [main/INFO] [EaglercraftXBungee]: Loading vanilla profile: lax1dude
[00:28:52] [Skin Download Thread #1/INFO] [EaglercraftXBungee]: Loaded vanilla profile: lax1dude
[00:28:52] [main/INFO]: Loaded plugin EaglercraftXBungee version 1.0.10 by lax1dude
[00:28:52] [main/WARN]: Forced host server pvp is not defined
[00:28:52] [main/INFO]: Enabled plugin reconnect_yaml version git:reconnect_yaml:1.19-R0.1-SNAPSHOT:f6069e2:513 by WaterfallMC
[00:28:52] [main/INFO]: Enabled plugin cmd_find version git:cmd_find:1.19-R0.1-SNAPSHOT:f6069e2:513 by WaterfallMC
[00:28:52] [main/INFO]: Enabled plugin cmd_server version git:cmd_server:1.19-R0.1-SNAPSHOT:f6069e2:513 by WaterfallMC
[00:28:52] [main/INFO]: Enabled plugin cmd_alert version git:cmd_alert:1.19-R0.1-SNAPSHOT:f6069e2:513 by WaterfallMC
[00:28:52] [main/INFO]: Enabled plugin cmd_send version git:cmd_send:1.19-R0.1-SNAPSHOT:f6069e2:513 by WaterfallMC
[00:28:52] [main/INFO]: Enabled plugin cmd_list version git:cmd_list:1.19-R0.1-SNAPSHOT:f6069e2:513 by WaterfallMC
[00:28:52] [main/ERROR] [EaglercraftXBungee]: Online mode is set to false! Authentication system has been disabled
[00:28:52] [Netty Worker IO Thread #0/ERROR] [EaglercraftXBungee]: Eaglercraft could not bind port: /0.0.0.0:8081
[00:28:52] [Netty Worker IO Thread #0/ERROR] [EaglercraftXBungee]: Reason: io.netty.channel.unix.Errors$NativeIoException: bind(..) failed: Address already in use
[00:28:52] [main/INFO] [EaglercraftXBungee]: Connected to database: jdbc:sqlite:eaglercraft_skins_cache.db
[00:28:52] [main/INFO]: Enabled plugin EaglercraftXBungee version 1.0.10 by lax1dude
[00:28:52] [Netty Boss IO Thread #0/INFO]: Listening on /127.0.0.1:25577
[00:28:53] [EaglerXBungee: Network Tick Tasks/INFO] [EaglercraftXBungee]: Loaded certificate: /workspaces/Eaglercraft-Server-Render/Eaglercraft/bungee/plugins/EaglercraftXBungee/eagcert/$dl.2c63d6a9be9d273db57d50cb026093cb97ea6e54.cert
